<?xml version="1.0" encoding="UTF-8"?>
<!-- Generated by org.testng.reporters.JUnitReportReporter -->
<testsuite hostname="Krishnas-MacBook-Air.local" failures="0" tests="1" name="tests.TestWithExcelReading" time="55.475" errors="0" timestamp="2024-06-17T23:27:04 PDT" skipped="0">
  <testcase classname="tests.TestWithExcelReading" name="test" time="55.475"/>
</testsuite> <!-- tests.TestWithExcelReading -->
