<?xml version="1.0" encoding="UTF-8"?>
<!-- Generated by org.testng.reporters.JUnitReportReporter -->
<testsuite hostname="Krishnas-MacBook-Air.local" failures="0" tests="1" name="runner.DemoblazeLoginRunner" time="61.889" errors="0" timestamp="2024-06-20T15:05:12 PDT" skipped="0">
  <testcase classname="runner.DemoblazeLoginRunner" name="runScenario" time="61.889">
    <system-out>
      <![CDATA[Launching the browser using the URL:=https://www.demoblaze.com/index.html]]>
    </system-out>
  </testcase> <!-- runScenario -->
  <system-out>
    <![CDATA[Launching the browser using the URL:=https://www.demoblaze.com/index.html]]>
  </system-out>
</testsuite> <!-- runner.DemoblazeLoginRunner -->
