<?xml version="1.0" encoding="UTF-8"?>
<!-- Generated by org.testng.reporters.JUnitReportReporter -->
<testsuite hostname="Krishnas-MacBook-Air.local" failures="0" tests="3" name="runner.DemoblazeLoginRunner2" time="113.038" errors="0" timestamp="2024-06-20T15:11:47 PDT" skipped="0">
  <testcase classname="runner.DemoblazeLoginRunner2" name="runScenario" time="54.994">
    <system-out>
      <![CDATA[Launching the browser using the URL:=https://www.demoblaze.com/index.html]]>
    </system-out>
  </testcase> <!-- runScenario -->
  <testcase classname="runner.DemoblazeLoginRunner2" name="runScenario" time="28.597">
    <system-out>
      <![CDATA[Launching the browser using the URL:=https://www.demoblaze.com/index.html]]>
    </system-out>
  </testcase> <!-- runScenario -->
  <testcase classname="runner.DemoblazeLoginRunner2" name="runScenario" time="29.447">
    <system-out>
      <![CDATA[Launching the browser using the URL:=https://www.demoblaze.com/index.html]]>
    </system-out>
  </testcase> <!-- runScenario -->
  <system-out>
    <![CDATA[Launching the browser using the URL:=https://www.demoblaze.com/index.html
Launching the browser using the URL:=https://www.demoblaze.com/index.html
Launching the browser using the URL:=https://www.demoblaze.com/index.html]]>
  </system-out>
</testsuite> <!-- runner.DemoblazeLoginRunner2 -->
