<?xml version="1.0" encoding="UTF-8"?>
<!-- Generated by org.testng.reporters.JUnitReportReporter -->
<testsuite hostname="Krishnas-MacBook-Air.local" failures="0" tests="1" name="tests.HandlingAlerts" time="37.492" errors="0" timestamp="2024-06-17T21:29:13 PDT" skipped="0">
  <testcase classname="tests.HandlingAlerts" name="testAlerts" time="37.492"/>
</testsuite> <!-- tests.HandlingAlerts -->
