<?xml version="1.0" encoding="UTF-8"?>
<!-- Generated by org.testng.reporters.JUnitReportReporter -->
<testsuite hostname="Krishnas-MacBook-Air.local" failures="0" tests="1" name="tests.DemoblazeUsingPageFactory" time="27.372" errors="0" timestamp="2024-06-20T15:16:07 PDT" skipped="0">
  <testcase classname="tests.DemoblazeUsingPageFactory" name="loginTest" time="27.372"/>
</testsuite> <!-- tests.DemoblazeUsingPageFactory -->
