<?xml version="1.0" encoding="UTF-8"?>
<!-- Generated by org.testng.reporters.JUnitReportReporter -->
<testsuite hostname="Krishnas-MacBook-Air.local" failures="0" tests="2" name="tests.DemoblazeKeywordDriven" time="83.610" errors="0" timestamp="2024-06-18T15:35:20 PDT" skipped="0">
  <testcase classname="tests.DemoblazeKeywordDriven" name="fbTest" time="47.700">
    <system-out>
      <![CDATA[Launching the browser using the URL:=https://www.facebook.com/
Setting the text of the element:=By.id: email with data:=t@g.com
Setting the text of the element:=By.id: pass with data:=Welcome1
Clicking on the element with locator:=By.name: login
Browser's title:=Log into Facebook
Closed the browser]]>
    </system-out>
  </testcase> <!-- fbTest -->
  <testcase classname="tests.DemoblazeKeywordDriven" name="fbTest2" time="35.910">
    <system-out>
      <![CDATA[Launching the browser using the URL:=https://www.google.com
Setting the text of the element:=By.name: q with data:=Seleniumdev
Clicking on the element with locator:=By.name: btnK
Closed the browser]]>
    </system-out>
  </testcase> <!-- fbTest2 -->
  <system-out>
    <![CDATA[Launching the browser using the URL:=https://www.facebook.com/
Setting the text of the element:=By.id: email with data:=t@g.com
Setting the text of the element:=By.id: pass with data:=Welcome1
Clicking on the element with locator:=By.name: login
Browser's title:=Log into Facebook
Closed the browser
Launching the browser using the URL:=https://www.google.com
Setting the text of the element:=By.name: q with data:=Seleniumdev
Clicking on the element with locator:=By.name: btnK
Closed the browser]]>
  </system-out>
</testsuite> <!-- tests.DemoblazeKeywordDriven -->
