<?xml version="1.0" encoding="UTF-8"?>
<!-- Generated by org.testng.reporters.JUnitReportReporter -->
<testsuite hostname="Krishnas-MacBook-Air.local" failures="0" tests="1" name="tests.DemoblazeWithExcelReading" time="55.189" errors="0" timestamp="2024-06-20T15:22:16 PDT" skipped="0">
  <testcase classname="tests.DemoblazeWithExcelReading" name="test" time="55.189"/>
</testsuite> <!-- tests.DemoblazeWithExcelReading -->
