<?xml version="1.0" encoding="UTF-8"?>
<!-- Generated by org.testng.reporters.JUnitReportReporter -->
<testsuite hostname="Krishnas-MacBook-Air.local" failures="0" tests="2" name="tests.TestWithExcelDataProivder" time="65.843" errors="0" timestamp="2024-06-17T22:05:59 PDT" skipped="0">
  <testcase classname="tests.TestWithExcelDataProivder" name="test" time="32.081"/>
  <testcase classname="tests.TestWithExcelDataProivder" name="test" time="33.762"/>
</testsuite> <!-- tests.TestWithExcelDataProivder -->
