<?xml version="1.0" encoding="UTF-8"?>
<!-- Generated by org.testng.reporters.JUnitReportReporter -->
<testsuite hostname="Krishnas-MacBook-Air.local" failures="0" tests="1" name="tests.ActionsExamples" time="169.760" errors="0" timestamp="2024-06-16T22:48:39 PDT" skipped="0">
  <testcase classname="tests.ActionsExamples" name="amazonTest" time="169.760"/>
</testsuite> <!-- tests.ActionsExamples -->
