<?xml version="1.0" encoding="UTF-8"?>
<!-- Generated by org.testng.reporters.JUnitReportReporter -->
<testsuite hostname="Krishnas-MacBook-Air.local" failures="0" tests="1" name="tests.FbTestUsingPageFactory" time="67.251" errors="0" timestamp="2024-06-17T21:09:07 PDT" skipped="0">
  <testcase classname="tests.FbTestUsingPageFactory" name="loginTest" time="67.251"/>
</testsuite> <!-- tests.FbTestUsingPageFactory -->
