<?xml version="1.0" encoding="UTF-8"?>
<!-- Generated by org.testng.reporters.JUnitReportReporter -->
<testsuite hostname="Krishnas-MacBook-Air.local" failures="0" tests="1" name="tests.ActionsExamples2" time="111.051" errors="0" timestamp="2024-06-16T23:18:10 PDT" skipped="0">
  <testcase classname="tests.ActionsExamples2" name="amazonTest" time="111.051"/>
</testsuite> <!-- tests.ActionsExamples2 -->
