<?xml version="1.0" encoding="UTF-8"?>
<!-- Generated by org.testng.reporters.JUnitReportReporter -->
<testsuite hostname="Krishnas-MacBook-Air.local" failures="0" tests="1" name="runner.LoginTestRunner" time="28.027" errors="0" timestamp="2024-06-17T21:09:55 PDT" skipped="0">
  <testcase classname="runner.LoginTestRunner" name="runScenario" time="28.027">
    <system-out>
      <![CDATA[Launching the browser using the URL:=https://www.demoblaze.com/index.html]]>
    </system-out>
  </testcase> <!-- runScenario -->
  <system-out>
    <![CDATA[Launching the browser using the URL:=https://www.demoblaze.com/index.html]]>
  </system-out>
</testsuite> <!-- runner.LoginTestRunner -->
