<?xml version="1.0" encoding="UTF-8"?>
<!-- Generated by org.testng.reporters.JUnitReportReporter -->
<testsuite hostname="Krishnas-MacBook-Air.local" failures="0" tests="2" name="tests.DemoblazeWithExcelDataProivder" time="66.991" errors="0" timestamp="2024-06-20T15:19:34 PDT" skipped="0">
  <testcase classname="tests.DemoblazeWithExcelDataProivder" name="test" time="33.193"/>
  <testcase classname="tests.DemoblazeWithExcelDataProivder" name="test" time="33.798"/>
</testsuite> <!-- tests.DemoblazeWithExcelDataProivder -->
